127.0.0.1 - - [09/Mar/2015:03:43:49 +0000] "GET /p/users/queryAll HTTP/1.1" 200 66 "-" "Mozilla/5.0 (Windows NT 6.1; WOW64) AppleWebKit/537.36 (KHTML, like Gecko) Chrome/40.0.2214.115 Safari/537.36"
127.0.0.1 - - [09/Mar/2015:03:47:52 +0000] "GET /p/users/queryAll HTTP/1.1" 200 66 "-" "Mozilla/5.0 (Windows NT 6.1; WOW64) AppleWebKit/537.36 (KHTML, like Gecko) Chrome/40.0.2214.115 Safari/537.36"
127.0.0.1 - - [09/Mar/2015:13:30:55 +0000] "GET /p/users/ HTTP/1.1" 304 - "-" "Mozilla/5.0 (Windows NT 6.1; WOW64) AppleWebKit/537.36 (KHTML, like Gecko) Chrome/40.0.2214.115 Safari/537.36"
127.0.0.1 - - [09/Mar/2015:13:31:35 +0000] "POST /p/users/updateUser HTTP/1.1" 200 415 "http://localhost:3000/p/users/" "Mozilla/5.0 (Windows NT 6.1; WOW64) AppleWebKit/537.36 (KHTML, like Gecko) Chrome/40.0.2214.115 Safari/537.36"
127.0.0.1 - - [09/Mar/2015:13:31:44 +0000] "GET /p/users/ HTTP/1.1" 304 - "-" "Mozilla/5.0 (Windows NT 6.1; WOW64) AppleWebKit/537.36 (KHTML, like Gecko) Chrome/40.0.2214.115 Safari/537.36"
::1 - - [25/Dec/2016:10:05:18 +0000] "GET / HTTP/1.1" 200 170 "-" "Mozilla/5.0 (Windows NT 6.1; Win64; x64) AppleWebKit/537.36 (KHTML, like Gecko) Chrome/56.0.2914.3 Safari/537.36"
::1 - - [25/Dec/2016:10:05:18 +0000] "GET /favicon.ico HTTP/1.1" 404 967 "http://localhost:3000/" "Mozilla/5.0 (Windows NT 6.1; Win64; x64) AppleWebKit/537.36 (KHTML, like Gecko) Chrome/56.0.2914.3 Safari/537.36"
::1 - - [25/Dec/2016:10:05:28 +0000] "GET /p/users HTTP/1.1" 200 524 "-" "Mozilla/5.0 (Windows NT 6.1; Win64; x64) AppleWebKit/537.36 (KHTML, like Gecko) Chrome/56.0.2914.3 Safari/537.36"
::1 - - [25/Dec/2016:10:11:42 +0000] "GET /p/users HTTP/1.1" 304 - "-" "Mozilla/5.0 (Windows NT 6.1; Win64; x64) AppleWebKit/537.36 (KHTML, like Gecko) Chrome/56.0.2914.3 Safari/537.36"
::1 - - [25/Dec/2016:10:16:05 +0000] "GET /p/users/addUser?username=xyz&password=ydx HTTP/1.1" - - "-" "Mozilla/5.0 (Windows NT 6.1; Win64; x64) AppleWebKit/537.36 (KHTML, like Gecko) Chrome/56.0.2914.3 Safari/537.36"
::1 - - [25/Dec/2016:10:16:23 +0000] "GET /p/users/addUser?username=xyz&password=ydx HTTP/1.1" 200 33 "-" "Mozilla/5.0 (Windows NT 6.1; Win64; x64) AppleWebKit/537.36 (KHTML, like Gecko) Chrome/56.0.2914.3 Safari/537.36"
::1 - - [25/Dec/2016:10:17:30 +0000] "GET /p/users/addUser?username=xyz&password=ydx HTTP/1.1" 304 - "-" "Mozilla/5.0 (Windows NT 6.1; Win64; x64) AppleWebKit/537.36 (KHTML, like Gecko) Chrome/56.0.2914.3 Safari/537.36"
::1 - - [25/Dec/2016:10:19:25 +0000] "GET /p/users/queryAll HTTP/1.1" 200 85 "-" "Mozilla/5.0 (Windows NT 6.1; Win64; x64) AppleWebKit/537.36 (KHTML, like Gecko) Chrome/56.0.2914.3 Safari/537.36"
::1 - - [25/Dec/2016:10:21:10 +0000] "GET /p/users/addUser?username=xyz&password=ydx HTTP/1.1" 304 - "-" "Mozilla/5.0 (Windows NT 6.1; Win64; x64) AppleWebKit/537.36 (KHTML, like Gecko) Chrome/56.0.2914.3 Safari/537.36"
::1 - - [25/Dec/2016:10:23:17 +0000] "GET /p/users/addUser?username=xyz&password=ydx HTTP/1.1" 304 - "-" "Mozilla/5.0 (Windows NT 6.1; Win64; x64) AppleWebKit/537.36 (KHTML, like Gecko) Chrome/56.0.2914.3 Safari/537.36"
::1 - - [25/Dec/2016:10:24:29 +0000] "GET /p/users/addUser?username=xyz&password=ydx HTTP/1.1" 200 33 "-" "Mozilla/5.0 (Windows NT 6.1; Win64; x64) AppleWebKit/537.36 (KHTML, like Gecko) Chrome/56.0.2914.3 Safari/537.36"
::1 - - [25/Dec/2016:10:24:52 +0000] "GET /p/users/queryAll HTTP/1.1" 200 167 "-" "Mozilla/5.0 (Windows NT 6.1; Win64; x64) AppleWebKit/537.36 (KHTML, like Gecko) Chrome/56.0.2914.3 Safari/537.36"
::1 - - [25/Dec/2016:10:25:41 +0000] "GET /p/users/queryById?id=1 HTTP/1.1" 404 967 "-" "Mozilla/5.0 (Windows NT 6.1; Win64; x64) AppleWebKit/537.36 (KHTML, like Gecko) Chrome/56.0.2914.3 Safari/537.36"
::1 - - [25/Dec/2016:10:27:26 +0000] "GET /p/users/queryById?id=1 HTTP/1.1" 200 85 "-" "Mozilla/5.0 (Windows NT 6.1; Win64; x64) AppleWebKit/537.36 (KHTML, like Gecko) Chrome/56.0.2914.3 Safari/537.36"
::1 - - [25/Dec/2016:10:30:47 +0000] "GET /p/users HTTP/1.1" 200 542 "-" "Mozilla/5.0 (Windows NT 6.1; Win64; x64) AppleWebKit/537.36 (KHTML, like Gecko) Chrome/56.0.2914.3 Safari/537.36"
::1 - - [25/Dec/2016:10:32:45 +0000] "POST /p/users/updateUser HTTP/1.1" 200 33 "http://localhost:3000/p/users" "Mozilla/5.0 (Windows NT 6.1; Win64; x64) AppleWebKit/537.36 (KHTML, like Gecko) Chrome/56.0.2914.3 Safari/537.36"
::1 - - [25/Dec/2016:10:33:26 +0000] "POST /p/users/updateUser HTTP/1.1" 200 415 "http://localhost:3000/p/users" "Mozilla/5.0 (Windows NT 6.1; Win64; x64) AppleWebKit/537.36 (KHTML, like Gecko) Chrome/56.0.2914.3 Safari/537.36"
::1 - - [25/Dec/2016:10:34:02 +0000] "POST /p/users/updateUser HTTP/1.1" 200 415 "http://localhost:3000/p/users" "Mozilla/5.0 (Windows NT 6.1; Win64; x64) AppleWebKit/537.36 (KHTML, like Gecko) Chrome/56.0.2914.3 Safari/537.36"
::1 - - [25/Dec/2016:10:37:37 +0000] "GET /p/users/addUser?username=xyz&password=ydx HTTP/1.1" 304 - "-" "Mozilla/5.0 (Windows NT 6.1; Win64; x64) AppleWebKit/537.36 (KHTML, like Gecko) Chrome/56.0.2914.3 Safari/537.36"
::1 - - [25/Dec/2016:10:56:18 +0000] "GET /p/users/ HTTP/1.1" 200 2466 "-" "Mozilla/5.0 (Windows NT 6.1; Win64; x64) AppleWebKit/537.36 (KHTML, like Gecko) Chrome/56.0.2914.3 Safari/537.36"
::1 - - [25/Dec/2016:10:56:18 +0000] "GET /p/users/stylesheets/bootstrap.min.css HTTP/1.1" 500 1065 "http://localhost:3000/p/users/" "Mozilla/5.0 (Windows NT 6.1; Win64; x64) AppleWebKit/537.36 (KHTML, like Gecko) Chrome/56.0.2914.3 Safari/537.36"
::1 - - [25/Dec/2016:10:56:18 +0000] "GET /p/users/stylesheets/bootstrap-table.min.css HTTP/1.1" 500 1065 "http://localhost:3000/p/users/" "Mozilla/5.0 (Windows NT 6.1; Win64; x64) AppleWebKit/537.36 (KHTML, like Gecko) Chrome/56.0.2914.3 Safari/537.36"
::1 - - [25/Dec/2016:10:56:18 +0000] "GET /p/users/javascripts/jquery.js HTTP/1.1" 500 1065 "http://localhost:3000/p/users/" "Mozilla/5.0 (Windows NT 6.1; Win64; x64) AppleWebKit/537.36 (KHTML, like Gecko) Chrome/56.0.2914.3 Safari/537.36"
::1 - - [25/Dec/2016:10:56:18 +0000] "GET /p/users/javascripts/bootstrap.min.js HTTP/1.1" 500 1065 "http://localhost:3000/p/users/" "Mozilla/5.0 (Windows NT 6.1; Win64; x64) AppleWebKit/537.36 (KHTML, like Gecko) Chrome/56.0.2914.3 Safari/537.36"
::1 - - [25/Dec/2016:10:56:18 +0000] "GET /p/users/javascripts/js/bootstrap-table.js HTTP/1.1" 500 1065 "http://localhost:3000/p/users/" "Mozilla/5.0 (Windows NT 6.1; Win64; x64) AppleWebKit/537.36 (KHTML, like Gecko) Chrome/56.0.2914.3 Safari/537.36"
::1 - - [25/Dec/2016:11:00:21 +0000] "GET /p/users/ HTTP/1.1" 200 2594 "-" "Mozilla/5.0 (Windows NT 6.1; Win64; x64) AppleWebKit/537.36 (KHTML, like Gecko) Chrome/56.0.2914.3 Safari/537.36"
::1 - - [25/Dec/2016:11:00:21 +0000] "GET /p/users/stylesheets/bootstrap/bootstrap.min.css HTTP/1.1" 500 1065 "http://localhost:3000/p/users/" "Mozilla/5.0 (Windows NT 6.1; Win64; x64) AppleWebKit/537.36 (KHTML, like Gecko) Chrome/56.0.2914.3 Safari/537.36"
::1 - - [25/Dec/2016:11:00:21 +0000] "GET /p/users/stylesheets/bootstrap/bootstrap-table.min.css HTTP/1.1" 500 1065 "http://localhost:3000/p/users/" "Mozilla/5.0 (Windows NT 6.1; Win64; x64) AppleWebKit/537.36 (KHTML, like Gecko) Chrome/56.0.2914.3 Safari/537.36"
::1 - - [25/Dec/2016:11:00:21 +0000] "GET /p/users/javascripts/jquery/jquery.js HTTP/1.1" 500 1065 "http://localhost:3000/p/users/" "Mozilla/5.0 (Windows NT 6.1; Win64; x64) AppleWebKit/537.36 (KHTML, like Gecko) Chrome/56.0.2914.3 Safari/537.36"
::1 - - [25/Dec/2016:11:00:21 +0000] "GET /p/users/javascripts/bootstrap/bootstrap.min.js HTTP/1.1" 500 1065 "http://localhost:3000/p/users/" "Mozilla/5.0 (Windows NT 6.1; Win64; x64) AppleWebKit/537.36 (KHTML, like Gecko) Chrome/56.0.2914.3 Safari/537.36"
::1 - - [25/Dec/2016:11:00:21 +0000] "GET /p/users/javascripts/bootstrap/bootstrap-table.min.js HTTP/1.1" 500 1065 "http://localhost:3000/p/users/" "Mozilla/5.0 (Windows NT 6.1; Win64; x64) AppleWebKit/537.36 (KHTML, like Gecko) Chrome/56.0.2914.3 Safari/537.36"
::1 - - [25/Dec/2016:11:00:21 +0000] "GET /p/users/javascripts/bootstrap/bootstrap-table-cs-CZ.min.js HTTP/1.1" 500 1065 "http://localhost:3000/p/users/" "Mozilla/5.0 (Windows NT 6.1; Win64; x64) AppleWebKit/537.36 (KHTML, like Gecko) Chrome/56.0.2914.3 Safari/537.36"
::1 - - [25/Dec/2016:11:00:54 +0000] "GET /p/users/stylesheets/bootstrap/bootstrap.min.css HTTP/1.1" 500 1065 "-" "Mozilla/5.0 (Windows NT 6.1; Win64; x64) AppleWebKit/537.36 (KHTML, like Gecko) Chrome/56.0.2914.3 Safari/537.36"
::1 - - [25/Dec/2016:11:12:03 +0000] "GET /p/users/ HTTP/1.1" 304 - "-" "Mozilla/5.0 (Windows NT 6.1; Win64; x64) AppleWebKit/537.36 (KHTML, like Gecko) Chrome/56.0.2914.3 Safari/537.36"
::1 - - [25/Dec/2016:11:12:04 +0000] "GET /p/users/stylesheets/bootstrap/bootstrap.min.css HTTP/1.1" 500 1065 "http://localhost:3000/p/users/" "Mozilla/5.0 (Windows NT 6.1; Win64; x64) AppleWebKit/537.36 (KHTML, like Gecko) Chrome/56.0.2914.3 Safari/537.36"
::1 - - [25/Dec/2016:11:12:04 +0000] "GET /p/users/stylesheets/bootstrap/bootstrap-table.min.css HTTP/1.1" 500 1065 "http://localhost:3000/p/users/" "Mozilla/5.0 (Windows NT 6.1; Win64; x64) AppleWebKit/537.36 (KHTML, like Gecko) Chrome/56.0.2914.3 Safari/537.36"
::1 - - [25/Dec/2016:11:12:04 +0000] "GET /p/users/javascripts/jquery/jquery.js HTTP/1.1" 500 1065 "http://localhost:3000/p/users/" "Mozilla/5.0 (Windows NT 6.1; Win64; x64) AppleWebKit/537.36 (KHTML, like Gecko) Chrome/56.0.2914.3 Safari/537.36"
::1 - - [25/Dec/2016:11:12:04 +0000] "GET /p/users/javascripts/bootstrap/bootstrap.min.js HTTP/1.1" 500 1065 "http://localhost:3000/p/users/" "Mozilla/5.0 (Windows NT 6.1; Win64; x64) AppleWebKit/537.36 (KHTML, like Gecko) Chrome/56.0.2914.3 Safari/537.36"
::1 - - [25/Dec/2016:11:12:04 +0000] "GET /p/users/javascripts/bootstrap/bootstrap-table.min.js HTTP/1.1" 500 1065 "http://localhost:3000/p/users/" "Mozilla/5.0 (Windows NT 6.1; Win64; x64) AppleWebKit/537.36 (KHTML, like Gecko) Chrome/56.0.2914.3 Safari/537.36"
::1 - - [25/Dec/2016:11:12:04 +0000] "GET /p/users/javascripts/bootstrap/bootstrap-table-cs-CZ.min.js HTTP/1.1" 500 1065 "http://localhost:3000/p/users/" "Mozilla/5.0 (Windows NT 6.1; Win64; x64) AppleWebKit/537.36 (KHTML, like Gecko) Chrome/56.0.2914.3 Safari/537.36"
::1 - - [25/Dec/2016:11:13:58 +0000] "GET /p/users/ HTTP/1.1" 200 2654 "-" "Mozilla/5.0 (Windows NT 6.1; Win64; x64) AppleWebKit/537.36 (KHTML, like Gecko) Chrome/56.0.2914.3 Safari/537.36"
::1 - - [25/Dec/2016:11:13:58 +0000] "GET /p/public/stylesheets/bootstrap/bootstrap.min.css HTTP/1.1" 500 1065 "http://localhost:3000/p/users/" "Mozilla/5.0 (Windows NT 6.1; Win64; x64) AppleWebKit/537.36 (KHTML, like Gecko) Chrome/56.0.2914.3 Safari/537.36"
::1 - - [25/Dec/2016:11:13:58 +0000] "GET /p/public/stylesheets/bootstrap/bootstrap-table.min.css HTTP/1.1" 500 1065 "http://localhost:3000/p/users/" "Mozilla/5.0 (Windows NT 6.1; Win64; x64) AppleWebKit/537.36 (KHTML, like Gecko) Chrome/56.0.2914.3 Safari/537.36"
::1 - - [25/Dec/2016:11:13:58 +0000] "GET /p/public/javascripts/jquery/jquery.js HTTP/1.1" 500 1065 "http://localhost:3000/p/users/" "Mozilla/5.0 (Windows NT 6.1; Win64; x64) AppleWebKit/537.36 (KHTML, like Gecko) Chrome/56.0.2914.3 Safari/537.36"
::1 - - [25/Dec/2016:11:13:58 +0000] "GET /p/public/javascripts/bootstrap/bootstrap.min.js HTTP/1.1" 500 1065 "http://localhost:3000/p/users/" "Mozilla/5.0 (Windows NT 6.1; Win64; x64) AppleWebKit/537.36 (KHTML, like Gecko) Chrome/56.0.2914.3 Safari/537.36"
::1 - - [25/Dec/2016:11:13:58 +0000] "GET /p/public/javascripts/bootstrap/bootstrap-table.min.js HTTP/1.1" 500 1065 "http://localhost:3000/p/users/" "Mozilla/5.0 (Windows NT 6.1; Win64; x64) AppleWebKit/537.36 (KHTML, like Gecko) Chrome/56.0.2914.3 Safari/537.36"
::1 - - [25/Dec/2016:11:13:58 +0000] "GET /p/public/javascripts/bootstrap/bootstrap-table-cs-CZ.min.js HTTP/1.1" 500 1065 "http://localhost:3000/p/users/" "Mozilla/5.0 (Windows NT 6.1; Win64; x64) AppleWebKit/537.36 (KHTML, like Gecko) Chrome/56.0.2914.3 Safari/537.36"
::1 - - [25/Dec/2016:11:15:03 +0000] "GET /p/users/ HTTP/1.1" 200 2237 "-" "Mozilla/5.0 (Windows NT 6.1; Win64; x64) AppleWebKit/537.36 (KHTML, like Gecko) Chrome/56.0.2914.3 Safari/537.36"
::1 - - [25/Dec/2016:11:15:03 +0000] "GET /p/public/stylesheets/bootstrap/bootstrap.min.css HTTP/1.1" 500 1065 "http://localhost:3000/p/users/" "Mozilla/5.0 (Windows NT 6.1; Win64; x64) AppleWebKit/537.36 (KHTML, like Gecko) Chrome/56.0.2914.3 Safari/537.36"
::1 - - [25/Dec/2016:11:16:12 +0000] "GET /p/users/ HTTP/1.1" 200 2234 "-" "Mozilla/5.0 (Windows NT 6.1; Win64; x64) AppleWebKit/537.36 (KHTML, like Gecko) Chrome/56.0.2914.3 Safari/537.36"
::1 - - [25/Dec/2016:11:16:12 +0000] "GET /p/users/public/stylesheets/bootstrap/bootstrap.min.css HTTP/1.1" 500 1065 "http://localhost:3000/p/users/" "Mozilla/5.0 (Windows NT 6.1; Win64; x64) AppleWebKit/537.36 (KHTML, like Gecko) Chrome/56.0.2914.3 Safari/537.36"
::1 - - [25/Dec/2016:11:16:31 +0000] "GET /p/users/public/stylesheets/bootstrap/bootstrap.min.css HTTP/1.1" 500 1065 "-" "Mozilla/5.0 (Windows NT 6.1; Win64; x64) AppleWebKit/537.36 (KHTML, like Gecko) Chrome/56.0.2914.3 Safari/537.36"
::1 - - [25/Dec/2016:11:18:55 +0000] "GET /p/public/stylesheets/bootstrap/bootstrap.min.css HTTP/1.1" 500 1065 "-" "Mozilla/5.0 (Windows NT 6.1; Win64; x64) AppleWebKit/537.36 (KHTML, like Gecko) Chrome/56.0.2914.3 Safari/537.36"
::1 - - [25/Dec/2016:11:19:04 +0000] "GET /public/stylesheets/bootstrap/bootstrap.min.css HTTP/1.1" 500 1065 "-" "Mozilla/5.0 (Windows NT 6.1; Win64; x64) AppleWebKit/537.36 (KHTML, like Gecko) Chrome/56.0.2914.3 Safari/537.36"
::1 - - [25/Dec/2016:11:25:56 +0000] "GET / HTTP/1.1" 500 1065 "-" "Mozilla/5.0 (Windows NT 6.1; Win64; x64) AppleWebKit/537.36 (KHTML, like Gecko) Chrome/56.0.2914.3 Safari/537.36"
::1 - - [25/Dec/2016:11:26:22 +0000] "GET /p/users HTTP/1.1" 200 2594 "-" "Mozilla/5.0 (Windows NT 6.1; Win64; x64) AppleWebKit/537.36 (KHTML, like Gecko) Chrome/56.0.2914.3 Safari/537.36"
::1 - - [25/Dec/2016:11:26:22 +0000] "GET /p/stylesheets/bootstrap/bootstrap.min.css HTTP/1.1" 500 1065 "http://localhost:3000/p/users" "Mozilla/5.0 (Windows NT 6.1; Win64; x64) AppleWebKit/537.36 (KHTML, like Gecko) Chrome/56.0.2914.3 Safari/537.36"
::1 - - [25/Dec/2016:11:26:22 +0000] "GET /p/stylesheets/bootstrap/bootstrap-table.min.css HTTP/1.1" 500 1065 "http://localhost:3000/p/users" "Mozilla/5.0 (Windows NT 6.1; Win64; x64) AppleWebKit/537.36 (KHTML, like Gecko) Chrome/56.0.2914.3 Safari/537.36"
::1 - - [25/Dec/2016:11:26:22 +0000] "GET /p/javascripts/jquery/jquery.js HTTP/1.1" 500 1065 "http://localhost:3000/p/users" "Mozilla/5.0 (Windows NT 6.1; Win64; x64) AppleWebKit/537.36 (KHTML, like Gecko) Chrome/56.0.2914.3 Safari/537.36"
::1 - - [25/Dec/2016:11:26:22 +0000] "GET /p/javascripts/bootstrap/bootstrap.min.js HTTP/1.1" 500 1065 "http://localhost:3000/p/users" "Mozilla/5.0 (Windows NT 6.1; Win64; x64) AppleWebKit/537.36 (KHTML, like Gecko) Chrome/56.0.2914.3 Safari/537.36"
::1 - - [25/Dec/2016:11:26:22 +0000] "GET /p/javascripts/bootstrap/bootstrap-table.min.js HTTP/1.1" 500 1065 "http://localhost:3000/p/users" "Mozilla/5.0 (Windows NT 6.1; Win64; x64) AppleWebKit/537.36 (KHTML, like Gecko) Chrome/56.0.2914.3 Safari/537.36"
::1 - - [25/Dec/2016:11:26:22 +0000] "GET /p/javascripts/bootstrap/bootstrap-table-cs-CZ.min.js HTTP/1.1" 500 1065 "http://localhost:3000/p/users" "Mozilla/5.0 (Windows NT 6.1; Win64; x64) AppleWebKit/537.36 (KHTML, like Gecko) Chrome/56.0.2914.3 Safari/537.36"
::1 - - [25/Dec/2016:13:01:41 +0000] "GET / HTTP/1.1" 500 1164 "-" "Mozilla/5.0 (Windows NT 6.1; Win64; x64) AppleWebKit/537.36 (KHTML, like Gecko) Chrome/52.0.2743.82 Safari/537.36"
::1 - - [25/Dec/2016:13:01:49 +0000] "GET /p/users HTTP/1.1" 200 2594 "-" "Mozilla/5.0 (Windows NT 6.1; Win64; x64) AppleWebKit/537.36 (KHTML, like Gecko) Chrome/52.0.2743.82 Safari/537.36"
::1 - - [25/Dec/2016:13:01:49 +0000] "GET /p/stylesheets/bootstrap/bootstrap.min.css HTTP/1.1" 500 1164 "http://localhost:3000/p/users" "Mozilla/5.0 (Windows NT 6.1; Win64; x64) AppleWebKit/537.36 (KHTML, like Gecko) Chrome/52.0.2743.82 Safari/537.36"
::1 - - [25/Dec/2016:13:01:49 +0000] "GET /p/stylesheets/bootstrap/bootstrap-table.min.css HTTP/1.1" 500 1164 "http://localhost:3000/p/users" "Mozilla/5.0 (Windows NT 6.1; Win64; x64) AppleWebKit/537.36 (KHTML, like Gecko) Chrome/52.0.2743.82 Safari/537.36"
::1 - - [25/Dec/2016:13:01:49 +0000] "GET /p/javascripts/jquery/jquery.js HTTP/1.1" 500 1164 "http://localhost:3000/p/users" "Mozilla/5.0 (Windows NT 6.1; Win64; x64) AppleWebKit/537.36 (KHTML, like Gecko) Chrome/52.0.2743.82 Safari/537.36"
::1 - - [25/Dec/2016:13:01:49 +0000] "GET /p/javascripts/bootstrap/bootstrap.min.js HTTP/1.1" 500 1164 "http://localhost:3000/p/users" "Mozilla/5.0 (Windows NT 6.1; Win64; x64) AppleWebKit/537.36 (KHTML, like Gecko) Chrome/52.0.2743.82 Safari/537.36"
::1 - - [25/Dec/2016:13:01:49 +0000] "GET /p/javascripts/bootstrap/bootstrap-table.min.js HTTP/1.1" 500 1164 "http://localhost:3000/p/users" "Mozilla/5.0 (Windows NT 6.1; Win64; x64) AppleWebKit/537.36 (KHTML, like Gecko) Chrome/52.0.2743.82 Safari/537.36"
::1 - - [25/Dec/2016:13:01:49 +0000] "GET /p/javascripts/bootstrap/bootstrap-table-cs-CZ.min.js HTTP/1.1" 500 1164 "http://localhost:3000/p/users" "Mozilla/5.0 (Windows NT 6.1; Win64; x64) AppleWebKit/537.36 (KHTML, like Gecko) Chrome/52.0.2743.82 Safari/537.36"
::1 - - [25/Dec/2016:13:04:32 +0000] "GET /p/users HTTP/1.1" 200 2600 "-" "Mozilla/5.0 (Windows NT 6.1; Win64; x64) AppleWebKit/537.36 (KHTML, like Gecko) Chrome/52.0.2743.82 Safari/537.36"
::1 - - [25/Dec/2016:13:04:32 +0000] "GET /stylesheets/fonts/glyphicons-halflings-regular.woff2 HTTP/1.1" 500 1164 "http://localhost:3000/stylesheets/bootstrap/bootstrap.min.css" "Mozilla/5.0 (Windows NT 6.1; Win64; x64) AppleWebKit/537.36 (KHTML, like Gecko) Chrome/52.0.2743.82 Safari/537.36"
::1 - - [25/Dec/2016:13:04:33 +0000] "GET /stylesheets/fonts/glyphicons-halflings-regular.woff HTTP/1.1" 500 1164 "http://localhost:3000/stylesheets/bootstrap/bootstrap.min.css" "Mozilla/5.0 (Windows NT 6.1; Win64; x64) AppleWebKit/537.36 (KHTML, like Gecko) Chrome/52.0.2743.82 Safari/537.36"
::1 - - [25/Dec/2016:13:04:33 +0000] "GET /stylesheets/fonts/glyphicons-halflings-regular.ttf HTTP/1.1" 500 1164 "http://localhost:3000/stylesheets/bootstrap/bootstrap.min.css" "Mozilla/5.0 (Windows NT 6.1; Win64; x64) AppleWebKit/537.36 (KHTML, like Gecko) Chrome/52.0.2743.82 Safari/537.36"
::1 - - [25/Dec/2016:14:21:19 +0000] "GET /p/users HTTP/1.1" 200 1681 "-" "Mozilla/5.0 (Windows NT 6.1; Win64; x64) AppleWebKit/537.36 (KHTML, like Gecko) Chrome/52.0.2743.82 Safari/537.36"
::1 - - [25/Dec/2016:14:21:19 +0000] "GET /stylesheets/fonts/glyphicons-halflings-regular.woff2 HTTP/1.1" 500 1164 "http://localhost:3000/stylesheets/bootstrap/bootstrap.min.css" "Mozilla/5.0 (Windows NT 6.1; Win64; x64) AppleWebKit/537.36 (KHTML, like Gecko) Chrome/52.0.2743.82 Safari/537.36"
::1 - - [25/Dec/2016:14:21:19 +0000] "GET /stylesheets/fonts/glyphicons-halflings-regular.woff HTTP/1.1" 500 1164 "http://localhost:3000/stylesheets/bootstrap/bootstrap.min.css" "Mozilla/5.0 (Windows NT 6.1; Win64; x64) AppleWebKit/537.36 (KHTML, like Gecko) Chrome/52.0.2743.82 Safari/537.36"
::1 - - [25/Dec/2016:14:21:19 +0000] "GET /stylesheets/fonts/glyphicons-halflings-regular.ttf HTTP/1.1" 500 1164 "http://localhost:3000/stylesheets/bootstrap/bootstrap.min.css" "Mozilla/5.0 (Windows NT 6.1; Win64; x64) AppleWebKit/537.36 (KHTML, like Gecko) Chrome/52.0.2743.82 Safari/537.36"
::1 - - [25/Dec/2016:14:21:19 +0000] "GET /favicon.ico HTTP/1.1" 500 1164 "http://localhost:3000/p/users" "Mozilla/5.0 (Windows NT 6.1; Win64; x64) AppleWebKit/537.36 (KHTML, like Gecko) Chrome/52.0.2743.82 Safari/537.36"
::1 - - [25/Dec/2016:14:34:31 +0000] "GET / HTTP/1.1" 500 1164 "-" "Mozilla/5.0 (Windows NT 6.1; Win64; x64) AppleWebKit/537.36 (KHTML, like Gecko) Chrome/52.0.2743.82 Safari/537.36"
::1 - - [25/Dec/2016:14:34:31 +0000] "GET /favicon.ico HTTP/1.1" 500 1164 "http://localhost:3000/" "Mozilla/5.0 (Windows NT 6.1; Win64; x64) AppleWebKit/537.36 (KHTML, like Gecko) Chrome/52.0.2743.82 Safari/537.36"
::1 - - [25/Dec/2016:14:34:34 +0000] "GET /favicon.ico HTTP/1.1" 500 1164 "http://localhost:3000/p/users" "Mozilla/5.0 (Windows NT 6.1; Win64; x64) AppleWebKit/537.36 (KHTML, like Gecko) Chrome/52.0.2743.82 Safari/537.36"
